============================================================
  Generate Self-Signed SSL Certificate
  2026-06-09 01:42:33 UTC
============================================================

Output directory: /home/ansible/hantt_company_test/packer/shared/ssl

........+...+...+.+..............+++++++++++++++++++++++++++++++++++++++++++++++++++++++++++++++++*......+...+..........+..+...+......+.+......+..............+...+...............+.+..............+...+....+.....+++++++++++++++++++++++++++++++++++++++++++++++++++++++++++++++++*.......+......+.....................+.+..+......+....................................+.+...+..+...+..........+...........+...+...+...+.......+..+.+.........+......+.....+.+.....+..........+......+.....+...+.+.........+..+.......+...+...+...................................+....+..+...+.......+......+...+..+.........+.+........+......+....+.........+...+...+..............+...+...............+....+.....+.........+.+.....+.........+.+......+............+...+...+.....+.........+.+....................+....+.....+......+....+......+..............+......+.+.....+.....................+.......+..+....+.........+..+....+..+.......+.....+...+..........+..+............+....+..+...+...............+....+...+...+.....+......+...+.......+........+.+..+....+.........+......+.....+.+..+......+.+........+.+..+....+......+.....+..................+....+.................+....+.................+...+....+...+...+..............+......+....+...+..+............+......+.......+..+...+...+...............+....+......+...+.........+..+..........+.........+..+.........+......+...+....+..+.........+...................+...............+...+.....+...+.......+..+.............+..+......+.+.....+......+...+.+...+..+......+..........+..+...+............+.+.....+..........+......+...............+.....................+........+..........+..+...+.........+.+..+....+...+.....+++++++++++++++++++++++++++++++++++++++++++++++++++++++++++++++++
.....+....+..+...+.......+.........+...+++++++++++++++++++++++++++++++++++++++++++++++++++++++++++++++++*.....+.......+++++++++++++++++++++++++++++++++++++++++++++++++++++++++++++++++*.........+...............+.........+.....+......+...+......+...............+...+.+...........+.........+....+.....+...+.......+..+.+..+.............+...+...........+......+....+...+........+............+...............+...............+.......+........+.............+.....+...+............+...+.+..................+..+.+.....+............+...+...............+....+......+...+......+......+..+......+.........+..........+......+...........+...+.......+.....+...+.......+...+........+...+....+.....+.+.....+............+...+.+...+.....+......+....+...+.....+.......+..+.+..............+...+...+............+......+....+...+..+..................+....+...+...+.........+..................+...+........................+......+...+..+....+.........+.....+.+..................+.....+......+.......+...............+.........+.........+......+......+........+......+...+.+............+..+++++++++++++++++++++++++++++++++++++++++++++++++++++++++++++++++
-----

=== Certificate details ===
subject=CN = hantt-nginx, O = hantt, C = NZ
issuer=CN = hantt-nginx, O = hantt, C = NZ
notBefore=Jun  9 01:42:34 2026 GMT
notAfter=Jun  9 01:42:34 2027 GMT

Files written:
  /home/ansible/hantt_company_test/packer/shared/ssl/server.crt
  /home/ansible/hantt_company_test/packer/shared/ssl/server.key

=== Refreshing OIDC token ===
Token written to /home/ansible/secrets/azure-aws/oidc-token

=== Uploading certificate to Secrets Manager (hantt/nginx-ssl-cert) ===
{
    "ARN": "arn:aws:secretsmanager:ap-southeast-6:996992102979:secret:hantt/nginx-ssl-cert-wBIZav",
    "Name": "hantt/nginx-ssl-cert",
    "VersionId": "01089060-22a3-4580-b673-d94f185e4c14"
}
Secret created: hantt/nginx-ssl-cert

Log saved: /home/ansible/hantt_company_test/logs/0-generate-certificate.log
Done: 2026-06-09 01:42:38 UTC
