============================================================
  AMI Deregister + Snapshot + Secret Cleanup
  2026-06-09 02:07:01 UTC
============================================================

=== Refreshing OIDC token ===
Token written to /home/ansible/secrets/azure-aws/oidc-token

AMIs to clean up:
  Linux  : ami-06d4ac821dd7c2b7c
  Windows: ami-092825995de360747

--- Processing ami-06d4ac821dd7c2b7c ---
snap-0f3aa5858ae8dc2e4
  Snapshots: snap-0f3aa5858ae8dc2e4
  Deregistering AMI ami-06d4ac821dd7c2b7c ...
{
    "Return": true,
    "DeleteSnapshotResults": []
}
  Deregistered: ami-06d4ac821dd7c2b7c
  Deleting snapshot snap-0f3aa5858ae8dc2e4 ...
  Deleted: snap-0f3aa5858ae8dc2e4

--- Processing ami-092825995de360747 ---
snap-0e21ea211c78b2478
  Snapshots: snap-0e21ea211c78b2478
  Deregistering AMI ami-092825995de360747 ...
{
    "Return": true,
    "DeleteSnapshotResults": []
}
  Deregistered: ami-092825995de360747
  Deleting snapshot snap-0e21ea211c78b2478 ...
  Deleted: snap-0e21ea211c78b2478

=== Deleting Secrets Manager secret ===
{
    "ARN": "arn:aws:secretsmanager:ap-southeast-6:996992102979:secret:hantt/nginx-ssl-cert-wBIZav",
    "Name": "hantt/nginx-ssl-cert",
    "DeletionDate": "2026-06-09T02:07:13.902000+00:00"
}
Deleted secret: hantt/nginx-ssl-cert

=== Result ===
All AMIs, snapshots, and secrets removed from ap-southeast-6
Log saved: /home/ansible/hantt_company_test/logs/6-ami-cleanup.log
Done: 2026-06-09 02:07:14 UTC
